GowinSynthesis start
Running parser ...
Analyzing Verilog file 'E:\Development\Gowin\Gowin_V1.9.9Beta-4_Education_win\Gowin\Gowin_V1.9.9Beta-4_Education\IDE\ipcore\GowinPicoRV32\Gowin_PicoRV32\picorv32.v'
Analyzing included file 'pico_define.vh'("E:\Development\Gowin\Gowin_V1.9.9Beta-4_Education_win\Gowin\Gowin_V1.9.9Beta-4_Education\IDE\ipcore\GowinPicoRV32\Gowin_PicoRV32\picorv32.v":2091)
Back to file 'E:\Development\Gowin\Gowin_V1.9.9Beta-4_Education_win\Gowin\Gowin_V1.9.9Beta-4_Education\IDE\ipcore\GowinPicoRV32\Gowin_PicoRV32\picorv32.v'("E:\Development\Gowin\Gowin_V1.9.9Beta-4_Education_win\Gowin\Gowin_V1.9.9Beta-4_Education\IDE\ipcore\GowinPicoRV32\Gowin_PicoRV32\picorv32.v":2091)
Analyzing included file 'E:\Development\Gowin\Gowin_V1.9.9Beta-4_Education_win\Gowin\Gowin_V1.9.9Beta-4_Education\IDE\ipcore\GowinPicoRV32\Gowin_PicoRV32\pico_config.vh'("E:\Development\Gowin\Gowin_V1.9.9Beta-4_Education_win\Gowin\Gowin_V1.9.9Beta-4_Education\IDE\ipcore\GowinPicoRV32\Gowin_PicoRV32\picorv32.v":2091)
Back to file 'E:\Development\Gowin\Gowin_V1.9.9Beta-4_Education_win\Gowin\Gowin_V1.9.9Beta-4_Education\IDE\ipcore\GowinPicoRV32\Gowin_PicoRV32\picorv32.v'("E:\Development\Gowin\Gowin_V1.9.9Beta-4_Education_win\Gowin\Gowin_V1.9.9Beta-4_Education\IDE\ipcore\GowinPicoRV32\Gowin_PicoRV32\picorv32.v":2091)
Analyzing included file 'E:\Development\Gowin\Gowin_V1.9.9Beta-4_Education_win\Gowin\Gowin_V1.9.9Beta-4_Education\IDE\ipcore\GowinPicoRV32\Gowin_PicoRV32\pico_csr_define.vh'("E:\Development\Gowin\Gowin_V1.9.9Beta-4_Education_win\Gowin\Gowin_V1.9.9Beta-4_Education\IDE\ipcore\GowinPicoRV32\Gowin_PicoRV32\picorv32.v":2091)
Back to file 'E:\Development\Gowin\Gowin_V1.9.9Beta-4_Education_win\Gowin\Gowin_V1.9.9Beta-4_Education\IDE\ipcore\GowinPicoRV32\Gowin_PicoRV32\picorv32.v'("E:\Development\Gowin\Gowin_V1.9.9Beta-4_Education_win\Gowin\Gowin_V1.9.9Beta-4_Education\IDE\ipcore\GowinPicoRV32\Gowin_PicoRV32\picorv32.v":2091)
WARN  (EX3801) : Parameter '**' becomes localparam in '**' with formal parameter declaration list("E:\Development\Gowin\Gowin_V1.9.9Beta-4_Education_win\Gowin\Gowin_V1.9.9Beta-4_Education\IDE\ipcore\GowinPicoRV32\Gowin_PicoRV32\picorv32.v":0)
Analyzing Verilog file 'E:\Development\Gowin\Gowin_V1.9.9Beta-4_Education_win\Gowin\Gowin_V1.9.9Beta-4_Education\IDE\ipcore\GowinPicoRV32\Gowin_PicoRV32\picosoc.v'
Analyzing included file 'pico_define.vh'("E:\Development\Gowin\Gowin_V1.9.9Beta-4_Education_win\Gowin\Gowin_V1.9.9Beta-4_Education\IDE\ipcore\GowinPicoRV32\Gowin_PicoRV32\picosoc.v":4)
Back to file 'E:\Development\Gowin\Gowin_V1.9.9Beta-4_Education_win\Gowin\Gowin_V1.9.9Beta-4_Education\IDE\ipcore\GowinPicoRV32\Gowin_PicoRV32\picosoc.v'("E:\Development\Gowin\Gowin_V1.9.9Beta-4_Education_win\Gowin\Gowin_V1.9.9Beta-4_Education\IDE\ipcore\GowinPicoRV32\Gowin_PicoRV32\picosoc.v":4)
Analyzing included file 'E:\Development\Gowin\Gowin_V1.9.9Beta-4_Education_win\Gowin\Gowin_V1.9.9Beta-4_Education\IDE\ipcore\GowinPicoRV32\Gowin_PicoRV32\pico_config.vh'("E:\Development\Gowin\Gowin_V1.9.9Beta-4_Education_win\Gowin\Gowin_V1.9.9Beta-4_Education\IDE\ipcore\GowinPicoRV32\Gowin_PicoRV32\picosoc.v":5)
Back to file 'E:\Development\Gowin\Gowin_V1.9.9Beta-4_Education_win\Gowin\Gowin_V1.9.9Beta-4_Education\IDE\ipcore\GowinPicoRV32\Gowin_PicoRV32\picosoc.v'("E:\Development\Gowin\Gowin_V1.9.9Beta-4_Education_win\Gowin\Gowin_V1.9.9Beta-4_Education\IDE\ipcore\GowinPicoRV32\Gowin_PicoRV32\picosoc.v":5)
Analyzing included file 'E:\Development\Gowin\Gowin_V1.9.9Beta-4_Education_win\Gowin\Gowin_V1.9.9Beta-4_Education\IDE\ipcore\GowinPicoRV32\Gowin_PicoRV32\advspi_config.vh'("E:\Development\Gowin\Gowin_V1.9.9Beta-4_Education_win\Gowin\Gowin_V1.9.9Beta-4_Education\IDE\ipcore\GowinPicoRV32\Gowin_PicoRV32\picosoc.v":6)
Back to file 'E:\Development\Gowin\Gowin_V1.9.9Beta-4_Education_win\Gowin\Gowin_V1.9.9Beta-4_Education\IDE\ipcore\GowinPicoRV32\Gowin_PicoRV32\picosoc.v'("E:\Development\Gowin\Gowin_V1.9.9Beta-4_Education_win\Gowin\Gowin_V1.9.9Beta-4_Education\IDE\ipcore\GowinPicoRV32\Gowin_PicoRV32\picosoc.v":6)
Analyzing included file 'E:\Development\Gowin\Gowin_V1.9.9Beta-4_Education_win\Gowin\Gowin_V1.9.9Beta-4_Education\IDE\ipcore\GowinPicoRV32\Gowin_PicoRV32\advspi_const.vh'("E:\Development\Gowin\Gowin_V1.9.9Beta-4_Education_win\Gowin\Gowin_V1.9.9Beta-4_Education\IDE\ipcore\GowinPicoRV32\Gowin_PicoRV32\picosoc.v":7)
Back to file 'E:\Development\Gowin\Gowin_V1.9.9Beta-4_Education_win\Gowin\Gowin_V1.9.9Beta-4_Education\IDE\ipcore\GowinPicoRV32\Gowin_PicoRV32\picosoc.v'("E:\Development\Gowin\Gowin_V1.9.9Beta-4_Education_win\Gowin\Gowin_V1.9.9Beta-4_Education\IDE\ipcore\GowinPicoRV32\Gowin_PicoRV32\picosoc.v":7)
Analyzing Verilog file 'E:\Development\Gowin\Gowin_V1.9.9Beta-4_Education_win\Gowin\Gowin_V1.9.9Beta-4_Education\IDE\ipcore\GowinPicoRV32\Gowin_PicoRV32\advspi.v'
Analyzing included file 'pico_define.vh'("E:\Development\Gowin\Gowin_V1.9.9Beta-4_Education_win\Gowin\Gowin_V1.9.9Beta-4_Education\IDE\ipcore\GowinPicoRV32\Gowin_PicoRV32\advspi.v":2634)
Back to file 'E:\Development\Gowin\Gowin_V1.9.9Beta-4_Education_win\Gowin\Gowin_V1.9.9Beta-4_Education\IDE\ipcore\GowinPicoRV32\Gowin_PicoRV32\advspi.v'("E:\Development\Gowin\Gowin_V1.9.9Beta-4_Education_win\Gowin\Gowin_V1.9.9Beta-4_Education\IDE\ipcore\GowinPicoRV32\Gowin_PicoRV32\advspi.v":2634)
Analyzing included file 'E:\Development\Gowin\Gowin_V1.9.9Beta-4_Education_win\Gowin\Gowin_V1.9.9Beta-4_Education\IDE\ipcore\GowinPicoRV32\Gowin_PicoRV32\pico_config.vh'("E:\Development\Gowin\Gowin_V1.9.9Beta-4_Education_win\Gowin\Gowin_V1.9.9Beta-4_Education\IDE\ipcore\GowinPicoRV32\Gowin_PicoRV32\advspi.v":2634)
Back to file 'E:\Development\Gowin\Gowin_V1.9.9Beta-4_Education_win\Gowin\Gowin_V1.9.9Beta-4_Education\IDE\ipcore\GowinPicoRV32\Gowin_PicoRV32\advspi.v'("E:\Development\Gowin\Gowin_V1.9.9Beta-4_Education_win\Gowin\Gowin_V1.9.9Beta-4_Education\IDE\ipcore\GowinPicoRV32\Gowin_PicoRV32\advspi.v":2634)
Analyzing included file 'E:\Development\Gowin\Gowin_V1.9.9Beta-4_Education_win\Gowin\Gowin_V1.9.9Beta-4_Education\IDE\ipcore\GowinPicoRV32\Gowin_PicoRV32\advspi_config.vh'("E:\Development\Gowin\Gowin_V1.9.9Beta-4_Education_win\Gowin\Gowin_V1.9.9Beta-4_Education\IDE\ipcore\GowinPicoRV32\Gowin_PicoRV32\advspi.v":2634)
Back to file 'E:\Development\Gowin\Gowin_V1.9.9Beta-4_Education_win\Gowin\Gowin_V1.9.9Beta-4_Education\IDE\ipcore\GowinPicoRV32\Gowin_PicoRV32\advspi.v'("E:\Development\Gowin\Gowin_V1.9.9Beta-4_Education_win\Gowin\Gowin_V1.9.9Beta-4_Education\IDE\ipcore\GowinPicoRV32\Gowin_PicoRV32\advspi.v":2634)
Analyzing included file 'E:\Development\Gowin\Gowin_V1.9.9Beta-4_Education_win\Gowin\Gowin_V1.9.9Beta-4_Education\IDE\ipcore\GowinPicoRV32\Gowin_PicoRV32\advspi_const.vh'("E:\Development\Gowin\Gowin_V1.9.9Beta-4_Education_win\Gowin\Gowin_V1.9.9Beta-4_Education\IDE\ipcore\GowinPicoRV32\Gowin_PicoRV32\advspi.v":2634)
Back to file 'E:\Development\Gowin\Gowin_V1.9.9Beta-4_Education_win\Gowin\Gowin_V1.9.9Beta-4_Education\IDE\ipcore\GowinPicoRV32\Gowin_PicoRV32\advspi.v'("E:\Development\Gowin\Gowin_V1.9.9Beta-4_Education_win\Gowin\Gowin_V1.9.9Beta-4_Education\IDE\ipcore\GowinPicoRV32\Gowin_PicoRV32\advspi.v":2634)
Analyzing Verilog file 'E:\Development\Gowin\Gowin_V1.9.9Beta-4_Education_win\Gowin\Gowin_V1.9.9Beta-4_Education\IDE\ipcore\GowinPicoRV32\Gowin_PicoRV32\ahb_bus.v'
Analyzing Verilog file 'E:\Development\Gowin\Gowin_V1.9.9Beta-4_Education_win\Gowin\Gowin_V1.9.9Beta-4_Education\IDE\ipcore\GowinPicoRV32\Gowin_PicoRV32\picosoc_dtcm.v'
Analyzing included file 'pico_define.vh'("E:\Development\Gowin\Gowin_V1.9.9Beta-4_Education_win\Gowin\Gowin_V1.9.9Beta-4_Education\IDE\ipcore\GowinPicoRV32\Gowin_PicoRV32\picosoc_dtcm.v":41)
Back to file 'E:\Development\Gowin\Gowin_V1.9.9Beta-4_Education_win\Gowin\Gowin_V1.9.9Beta-4_Education\IDE\ipcore\GowinPicoRV32\Gowin_PicoRV32\picosoc_dtcm.v'("E:\Development\Gowin\Gowin_V1.9.9Beta-4_Education_win\Gowin\Gowin_V1.9.9Beta-4_Education\IDE\ipcore\GowinPicoRV32\Gowin_PicoRV32\picosoc_dtcm.v":41)
Analyzing included file 'E:\Development\Gowin\Gowin_V1.9.9Beta-4_Education_win\Gowin\Gowin_V1.9.9Beta-4_Education\IDE\ipcore\GowinPicoRV32\Gowin_PicoRV32\pico_config.vh'("E:\Development\Gowin\Gowin_V1.9.9Beta-4_Education_win\Gowin\Gowin_V1.9.9Beta-4_Education\IDE\ipcore\GowinPicoRV32\Gowin_PicoRV32\picosoc_dtcm.v":41)
Back to file 'E:\Development\Gowin\Gowin_V1.9.9Beta-4_Education_win\Gowin\Gowin_V1.9.9Beta-4_Education\IDE\ipcore\GowinPicoRV32\Gowin_PicoRV32\picosoc_dtcm.v'("E:\Development\Gowin\Gowin_V1.9.9Beta-4_Education_win\Gowin\Gowin_V1.9.9Beta-4_Education\IDE\ipcore\GowinPicoRV32\Gowin_PicoRV32\picosoc_dtcm.v":41)
Analyzing Verilog file 'E:\Development\Gowin\Gowin_V1.9.9Beta-4_Education_win\Gowin\Gowin_V1.9.9Beta-4_Education\IDE\ipcore\GowinPicoRV32\Gowin_PicoRV32\picosoc_itcm.v'
Analyzing included file 'pico_define.vh'("E:\Development\Gowin\Gowin_V1.9.9Beta-4_Education_win\Gowin\Gowin_V1.9.9Beta-4_Education\IDE\ipcore\GowinPicoRV32\Gowin_PicoRV32\picosoc_itcm.v":52)
Back to file 'E:\Development\Gowin\Gowin_V1.9.9Beta-4_Education_win\Gowin\Gowin_V1.9.9Beta-4_Education\IDE\ipcore\GowinPicoRV32\Gowin_PicoRV32\picosoc_itcm.v'("E:\Development\Gowin\Gowin_V1.9.9Beta-4_Education_win\Gowin\Gowin_V1.9.9Beta-4_Education\IDE\ipcore\GowinPicoRV32\Gowin_PicoRV32\picosoc_itcm.v":52)
Analyzing included file 'E:\Development\Gowin\Gowin_V1.9.9Beta-4_Education_win\Gowin\Gowin_V1.9.9Beta-4_Education\IDE\ipcore\GowinPicoRV32\Gowin_PicoRV32\pico_config.vh'("E:\Development\Gowin\Gowin_V1.9.9Beta-4_Education_win\Gowin\Gowin_V1.9.9Beta-4_Education\IDE\ipcore\GowinPicoRV32\Gowin_PicoRV32\picosoc_itcm.v":52)
Back to file 'E:\Development\Gowin\Gowin_V1.9.9Beta-4_Education_win\Gowin\Gowin_V1.9.9Beta-4_Education\IDE\ipcore\GowinPicoRV32\Gowin_PicoRV32\picosoc_itcm.v'("E:\Development\Gowin\Gowin_V1.9.9Beta-4_Education_win\Gowin\Gowin_V1.9.9Beta-4_Education\IDE\ipcore\GowinPicoRV32\Gowin_PicoRV32\picosoc_itcm.v":52)
Analyzing Verilog file 'E:\Development\Gowin\Gowin_V1.9.9Beta-4_Education_win\Gowin\Gowin_V1.9.9Beta-4_Education\IDE\ipcore\GowinPicoRV32\Gowin_PicoRV32\wb_bus.v'
Analyzing Verilog file 'E:\Development\Gowin\Gowin_V1.9.9Beta-4_Education_win\Gowin\Gowin_V1.9.9Beta-4_Education\IDE\ipcore\GowinPicoRV32\Gowin_PicoRV32\wb_brancher.v'
Analyzing included file 'pico_define.vh'("E:\Development\Gowin\Gowin_V1.9.9Beta-4_Education_win\Gowin\Gowin_V1.9.9Beta-4_Education\IDE\ipcore\GowinPicoRV32\Gowin_PicoRV32\wb_brancher.v":177)
Back to file 'E:\Development\Gowin\Gowin_V1.9.9Beta-4_Education_win\Gowin\Gowin_V1.9.9Beta-4_Education\IDE\ipcore\GowinPicoRV32\Gowin_PicoRV32\wb_brancher.v'("E:\Development\Gowin\Gowin_V1.9.9Beta-4_Education_win\Gowin\Gowin_V1.9.9Beta-4_Education\IDE\ipcore\GowinPicoRV32\Gowin_PicoRV32\wb_brancher.v":177)
Analyzing Verilog file 'E:\Development\Gowin\Gowin_V1.9.9Beta-4_Education_win\Gowin\Gowin_V1.9.9Beta-4_Education\IDE\ipcore\GowinPicoRV32\Gowin_PicoRV32\wbgpio.v'
Analyzing included file 'pico_define.vh'("E:\Development\Gowin\Gowin_V1.9.9Beta-4_Education_win\Gowin\Gowin_V1.9.9Beta-4_Education\IDE\ipcore\GowinPicoRV32\Gowin_PicoRV32\wbgpio.v":78)
Back to file 'E:\Development\Gowin\Gowin_V1.9.9Beta-4_Education_win\Gowin\Gowin_V1.9.9Beta-4_Education\IDE\ipcore\GowinPicoRV32\Gowin_PicoRV32\wbgpio.v'("E:\Development\Gowin\Gowin_V1.9.9Beta-4_Education_win\Gowin\Gowin_V1.9.9Beta-4_Education\IDE\ipcore\GowinPicoRV32\Gowin_PicoRV32\wbgpio.v":78)
WARN  (EX3788) : Block identifier is required on this block("E:\Development\Gowin\Gowin_V1.9.9Beta-4_Education_win\Gowin\Gowin_V1.9.9Beta-4_Education\IDE\ipcore\GowinPicoRV32\Gowin_PicoRV32\wbgpio.v":0)
Analyzing Verilog file 'E:\Development\Gowin\Gowin_V1.9.9Beta-4_Education_win\Gowin\Gowin_V1.9.9Beta-4_Education\IDE\ipcore\GowinPicoRV32\Gowin_PicoRV32\wbi2c.v'
Analyzing Verilog file 'E:\Development\Gowin\Gowin_V1.9.9Beta-4_Education_win\Gowin\Gowin_V1.9.9Beta-4_Education\IDE\ipcore\GowinPicoRV32\Gowin_PicoRV32\wbspi.v'
Analyzing Verilog file 'E:\Development\Gowin\Gowin_V1.9.9Beta-4_Education_win\Gowin\Gowin_V1.9.9Beta-4_Education\IDE\ipcore\GowinPicoRV32\Gowin_PicoRV32\wbuart.v'
Undeclared symbol '**', assumed default net type '**'("E:\Development\Gowin\Gowin_V1.9.9Beta-4_Education_win\Gowin\Gowin_V1.9.9Beta-4_Education\IDE\ipcore\GowinPicoRV32\Gowin_PicoRV32\wbuart.v":0)
Analyzing Verilog file 'E:\Development\Gowin\Gowin_V1.9.9Beta-4_Education_win\Gowin\Gowin_V1.9.9Beta-4_Education\IDE\ipcore\GowinPicoRV32\Gowin_PicoRV32\simpleuart.v'
Analyzing Verilog file 'E:\Development\Gowin\Gowin_V1.9.9Beta-4_Education_win\Gowin\Gowin_V1.9.9Beta-4_Education\IDE\ipcore\GowinPicoRV32\Gowin_PicoRV32\dm.v'
WARN  (EX2582) : Parameter 'CSR_CYCLE' declared inside compilation unit '$unit_e__development_gowin_gowin_v1_9_9beta_4_education_win_gowin_gowin_v1_9_9beta_4_education_ide_ipcore_gowinpicorv32_gowin_picorv32_picorv32_v' shall be treated as localparam("E:\Development\Gowin\Gowin_V1.9.9Beta-4_Education_win\Gowin\Gowin_V1.9.9Beta-4_Education\IDE\ipcore\GowinPicoRV32\Gowin_PicoRV32\pico_csr_define.vh":7)
WARN  (EX2582) : Parameter 'CSR_TIME' declared inside compilation unit '$unit_e__development_gowin_gowin_v1_9_9beta_4_education_win_gowin_gowin_v1_9_9beta_4_education_ide_ipcore_gowinpicorv32_gowin_picorv32_picorv32_v' shall be treated as localparam("E:\Development\Gowin\Gowin_V1.9.9Beta-4_Education_win\Gowin\Gowin_V1.9.9Beta-4_Education\IDE\ipcore\GowinPicoRV32\Gowin_PicoRV32\pico_csr_define.vh":8)
WARN  (EX2582) : Parameter 'CSR_INSTRET' declared inside compilation unit '$unit_e__development_gowin_gowin_v1_9_9beta_4_education_win_gowin_gowin_v1_9_9beta_4_education_ide_ipcore_gowinpicorv32_gowin_picorv32_picorv32_v' shall be treated as localparam("E:\Development\Gowin\Gowin_V1.9.9Beta-4_Education_win\Gowin\Gowin_V1.9.9Beta-4_Education\IDE\ipcore\GowinPicoRV32\Gowin_PicoRV32\pico_csr_define.vh":9)
WARN  (EX2582) : Parameter 'CSR_CYCLEH' declared inside compilation unit '$unit_e__development_gowin_gowin_v1_9_9beta_4_education_win_gowin_gowin_v1_9_9beta_4_education_ide_ipcore_gowinpicorv32_gowin_picorv32_picorv32_v' shall be treated as localparam("E:\Development\Gowin\Gowin_V1.9.9Beta-4_Education_win\Gowin\Gowin_V1.9.9Beta-4_Education\IDE\ipcore\GowinPicoRV32\Gowin_PicoRV32\pico_csr_define.vh":11)
WARN  (EX2582) : Parameter 'CSR_TIMEH' declared inside compilation unit '$unit_e__development_gowin_gowin_v1_9_9beta_4_education_win_gowin_gowin_v1_9_9beta_4_education_ide_ipcore_gowinpicorv32_gowin_picorv32_picorv32_v' shall be treated as localparam("E:\Development\Gowin\Gowin_V1.9.9Beta-4_Education_win\Gowin\Gowin_V1.9.9Beta-4_Education\IDE\ipcore\GowinPicoRV32\Gowin_PicoRV32\pico_csr_define.vh":12)
WARN  (EX2582) : Parameter 'CSR_INSTRETH' declared inside compilation unit '$unit_e__development_gowin_gowin_v1_9_9beta_4_education_win_gowin_gowin_v1_9_9beta_4_education_ide_ipcore_gowinpicorv32_gowin_picorv32_picorv32_v' shall be treated as localparam("E:\Development\Gowin\Gowin_V1.9.9Beta-4_Education_win\Gowin\Gowin_V1.9.9Beta-4_Education\IDE\ipcore\GowinPicoRV32\Gowin_PicoRV32\pico_csr_define.vh":13)
WARN  (EX2582) : Parameter 'CSR_DCSR' declared inside compilation unit '$unit_e__development_gowin_gowin_v1_9_9beta_4_education_win_gowin_gowin_v1_9_9beta_4_education_ide_ipcore_gowinpicorv32_gowin_picorv32_picorv32_v' shall be treated as localparam("E:\Development\Gowin\Gowin_V1.9.9Beta-4_Education_win\Gowin\Gowin_V1.9.9Beta-4_Education\IDE\ipcore\GowinPicoRV32\Gowin_PicoRV32\pico_csr_define.vh":15)
WARN  (EX2582) : Parameter 'CSR_DPC' declared inside compilation unit '$unit_e__development_gowin_gowin_v1_9_9beta_4_education_win_gowin_gowin_v1_9_9beta_4_education_ide_ipcore_gowinpicorv32_gowin_picorv32_picorv32_v' shall be treated as localparam("E:\Development\Gowin\Gowin_V1.9.9Beta-4_Education_win\Gowin\Gowin_V1.9.9Beta-4_Education\IDE\ipcore\GowinPicoRV32\Gowin_PicoRV32\pico_csr_define.vh":16)
WARN  (EX2582) : Parameter 'CSR_DSCRATCH' declared inside compilation unit '$unit_e__development_gowin_gowin_v1_9_9beta_4_education_win_gowin_gowin_v1_9_9beta_4_education_ide_ipcore_gowinpicorv32_gowin_picorv32_picorv32_v' shall be treated as localparam("E:\Development\Gowin\Gowin_V1.9.9Beta-4_Education_win\Gowin\Gowin_V1.9.9Beta-4_Education\IDE\ipcore\GowinPicoRV32\Gowin_PicoRV32\pico_csr_define.vh":17)
WARN  (EX2582) : Parameter 'CSR_MVENDORID' declared inside compilation unit '$unit_e__development_gowin_gowin_v1_9_9beta_4_education_win_gowin_gowin_v1_9_9beta_4_education_ide_ipcore_gowinpicorv32_gowin_picorv32_picorv32_v' shall be treated as localparam("E:\Development\Gowin\Gowin_V1.9.9Beta-4_Education_win\Gowin\Gowin_V1.9.9Beta-4_Education\IDE\ipcore\GowinPicoRV32\Gowin_PicoRV32\pico_csr_define.vh":19)
WARN  (EX2582) : Parameter 'CSR_MARCHID' declared inside compilation unit '$unit_e__development_gowin_gowin_v1_9_9beta_4_education_win_gowin_gowin_v1_9_9beta_4_education_ide_ipcore_gowinpicorv32_gowin_picorv32_picorv32_v' shall be treated as localparam("E:\Development\Gowin\Gowin_V1.9.9Beta-4_Education_win\Gowin\Gowin_V1.9.9Beta-4_Education\IDE\ipcore\GowinPicoRV32\Gowin_PicoRV32\pico_csr_define.vh":20)
WARN  (EX2582) : Parameter 'CSR_MIMPID' declared inside compilation unit '$unit_e__development_gowin_gowin_v1_9_9beta_4_education_win_gowin_gowin_v1_9_9beta_4_education_ide_ipcore_gowinpicorv32_gowin_picorv32_picorv32_v' shall be treated as localparam("E:\Development\Gowin\Gowin_V1.9.9Beta-4_Education_win\Gowin\Gowin_V1.9.9Beta-4_Education\IDE\ipcore\GowinPicoRV32\Gowin_PicoRV32\pico_csr_define.vh":21)
WARN  (EX2582) : Parameter 'CSR_MHARTID' declared inside compilation unit '$unit_e__development_gowin_gowin_v1_9_9beta_4_education_win_gowin_gowin_v1_9_9beta_4_education_ide_ipcore_gowinpicorv32_gowin_picorv32_picorv32_v' shall be treated as localparam("E:\Development\Gowin\Gowin_V1.9.9Beta-4_Education_win\Gowin\Gowin_V1.9.9Beta-4_Education\IDE\ipcore\GowinPicoRV32\Gowin_PicoRV32\pico_csr_define.vh":22)
WARN  (EX2582) : Parameter 'CSR_MSTATUS' declared inside compilation unit '$unit_e__development_gowin_gowin_v1_9_9beta_4_education_win_gowin_gowin_v1_9_9beta_4_education_ide_ipcore_gowinpicorv32_gowin_picorv32_picorv32_v' shall be treated as localparam("E:\Development\Gowin\Gowin_V1.9.9Beta-4_Education_win\Gowin\Gowin_V1.9.9Beta-4_Education\IDE\ipcore\GowinPicoRV32\Gowin_PicoRV32\pico_csr_define.vh":24)
WARN  (EX2582) : Parameter 'CSR_MISA' declared inside compilation unit '$unit_e__development_gowin_gowin_v1_9_9beta_4_education_win_gowin_gowin_v1_9_9beta_4_education_ide_ipcore_gowinpicorv32_gowin_picorv32_picorv32_v' shall be treated as localparam("E:\Development\Gowin\Gowin_V1.9.9Beta-4_Education_win\Gowin\Gowin_V1.9.9Beta-4_Education\IDE\ipcore\GowinPicoRV32\Gowin_PicoRV32\pico_csr_define.vh":25)
WARN  (EX2582) : Parameter 'CSR_MIE' declared inside compilation unit '$unit_e__development_gowin_gowin_v1_9_9beta_4_education_win_gowin_gowin_v1_9_9beta_4_education_ide_ipcore_gowinpicorv32_gowin_picorv32_picorv32_v' shall be treated as localparam("E:\Development\Gowin\Gowin_V1.9.9Beta-4_Education_win\Gowin\Gowin_V1.9.9Beta-4_Education\IDE\ipcore\GowinPicoRV32\Gowin_PicoRV32\pico_csr_define.vh":26)
WARN  (EX2582) : Parameter 'CSR_MTVEC' declared inside compilation unit '$unit_e__development_gowin_gowin_v1_9_9beta_4_education_win_gowin_gowin_v1_9_9beta_4_education_ide_ipcore_gowinpicorv32_gowin_picorv32_picorv32_v' shall be treated as localparam("E:\Development\Gowin\Gowin_V1.9.9Beta-4_Education_win\Gowin\Gowin_V1.9.9Beta-4_Education\IDE\ipcore\GowinPicoRV32\Gowin_PicoRV32\pico_csr_define.vh":27)
WARN  (EX2582) : Parameter 'CSR_MSCRATCH' declared inside compilation unit '$unit_e__development_gowin_gowin_v1_9_9beta_4_education_win_gowin_gowin_v1_9_9beta_4_education_ide_ipcore_gowinpicorv32_gowin_picorv32_picorv32_v' shall be treated as localparam("E:\Development\Gowin\Gowin_V1.9.9Beta-4_Education_win\Gowin\Gowin_V1.9.9Beta-4_Education\IDE\ipcore\GowinPicoRV32\Gowin_PicoRV32\pico_csr_define.vh":29)
WARN  (EX2582) : Parameter 'CSR_MEPC' declared inside compilation unit '$unit_e__development_gowin_gowin_v1_9_9beta_4_education_win_gowin_gowin_v1_9_9beta_4_education_ide_ipcore_gowinpicorv32_gowin_picorv32_picorv32_v' shall be treated as localparam("E:\Development\Gowin\Gowin_V1.9.9Beta-4_Education_win\Gowin\Gowin_V1.9.9Beta-4_Education\IDE\ipcore\GowinPicoRV32\Gowin_PicoRV32\pico_csr_define.vh":30)
WARN  (EX2582) : Parameter 'CSR_MCAUSE' declared inside compilation unit '$unit_e__development_gowin_gowin_v1_9_9beta_4_education_win_gowin_gowin_v1_9_9beta_4_education_ide_ipcore_gowinpicorv32_gowin_picorv32_picorv32_v' shall be treated as localparam("E:\Development\Gowin\Gowin_V1.9.9Beta-4_Education_win\Gowin\Gowin_V1.9.9Beta-4_Education\IDE\ipcore\GowinPicoRV32\Gowin_PicoRV32\pico_csr_define.vh":31)
WARN  (EX2582) : Parameter 'CSR_MTVAL' declared inside compilation unit '$unit_e__development_gowin_gowin_v1_9_9beta_4_education_win_gowin_gowin_v1_9_9beta_4_education_ide_ipcore_gowinpicorv32_gowin_picorv32_picorv32_v' shall be treated as localparam("E:\Development\Gowin\Gowin_V1.9.9Beta-4_Education_win\Gowin\Gowin_V1.9.9Beta-4_Education\IDE\ipcore\GowinPicoRV32\Gowin_PicoRV32\pico_csr_define.vh":32)
WARN  (EX2582) : Parameter 'CSR_MIP' declared inside compilation unit '$unit_e__development_gowin_gowin_v1_9_9beta_4_education_win_gowin_gowin_v1_9_9beta_4_education_ide_ipcore_gowinpicorv32_gowin_picorv32_picorv32_v' shall be treated as localparam("E:\Development\Gowin\Gowin_V1.9.9Beta-4_Education_win\Gowin\Gowin_V1.9.9Beta-4_Education\IDE\ipcore\GowinPicoRV32\Gowin_PicoRV32\pico_csr_define.vh":33)
WARN  (EX3073) : Port 'slv0_sel_o' remains unconnected for this instance("E:\Development\Gowin\Gowin_V1.9.9Beta-4_Education_win\Gowin\Gowin_V1.9.9Beta-4_Education\IDE\ipcore\GowinPicoRV32\Gowin_PicoRV32\picosoc.v":665)
Compiling module 'Gowin_PicoRV32_Top'("E:\Development\Gowin\Gowin_V1.9.9Beta-4_Education_win\Gowin\Gowin_V1.9.9Beta-4_Education\IDE\ipcore\GowinPicoRV32\Gowin_PicoRV32\picosoc.v":9)
Compiling module '**'("E:\Development\Gowin\Gowin_V1.9.9Beta-4_Education_win\Gowin\Gowin_V1.9.9Beta-4_Education\IDE\ipcore\GowinPicoRV32\Gowin_PicoRV32\picorv32.v":0)
Compiling module '**'("E:\Development\Gowin\Gowin_V1.9.9Beta-4_Education_win\Gowin\Gowin_V1.9.9Beta-4_Education\IDE\ipcore\GowinPicoRV32\Gowin_PicoRV32\picorv32.v":0)
WARN  (EX3791) : Expression size ** truncated to fit in target size **("E:\Development\Gowin\Gowin_V1.9.9Beta-4_Education_win\Gowin\Gowin_V1.9.9Beta-4_Education\IDE\ipcore\GowinPicoRV32\Gowin_PicoRV32\picorv32.v":0)
Compiling module '**'("E:\Development\Gowin\Gowin_V1.9.9Beta-4_Education_win\Gowin\Gowin_V1.9.9Beta-4_Education\IDE\ipcore\GowinPicoRV32\Gowin_PicoRV32\picorv32.v":0)
WARN  (EX3791) : Expression size ** truncated to fit in target size **("E:\Development\Gowin\Gowin_V1.9.9Beta-4_Education_win\Gowin\Gowin_V1.9.9Beta-4_Education\IDE\ipcore\GowinPicoRV32\Gowin_PicoRV32\picorv32.v":0)
WARN  (EX3826) : Synthesis - simulation differences may occur when using parallel_case directive("E:\Development\Gowin\Gowin_V1.9.9Beta-4_Education_win\Gowin\Gowin_V1.9.9Beta-4_Education\IDE\ipcore\GowinPicoRV32\Gowin_PicoRV32\picorv32.v":0)
WARN  (EX3827) : Synthesis - simulation differences may occur when using full_case directive("E:\Development\Gowin\Gowin_V1.9.9Beta-4_Education_win\Gowin\Gowin_V1.9.9Beta-4_Education\IDE\ipcore\GowinPicoRV32\Gowin_PicoRV32\picorv32.v":0)
Compiling module '**'("E:\Development\Gowin\Gowin_V1.9.9Beta-4_Education_win\Gowin\Gowin_V1.9.9Beta-4_Education\IDE\ipcore\GowinPicoRV32\Gowin_PicoRV32\dm.v":0)
Compiling module '**'("E:\Development\Gowin\Gowin_V1.9.9Beta-4_Education_win\Gowin\Gowin_V1.9.9Beta-4_Education\IDE\ipcore\GowinPicoRV32\Gowin_PicoRV32\dm.v":0)
Compiling module '**'("E:\Development\Gowin\Gowin_V1.9.9Beta-4_Education_win\Gowin\Gowin_V1.9.9Beta-4_Education\IDE\ipcore\GowinPicoRV32\Gowin_PicoRV32\dm.v":0)
WARN  (EX2629) : Delay control is not supported for synthesis("E:\Development\Gowin\Gowin_V1.9.9Beta-4_Education_win\Gowin\Gowin_V1.9.9Beta-4_Education\IDE\ipcore\GowinPicoRV32\Gowin_PicoRV32\dm.v":0)
Compiling module '**'("E:\Development\Gowin\Gowin_V1.9.9Beta-4_Education_win\Gowin\Gowin_V1.9.9Beta-4_Education\IDE\ipcore\GowinPicoRV32\Gowin_PicoRV32\dm.v":0)
Compiling module '**'("E:\Development\Gowin\Gowin_V1.9.9Beta-4_Education_win\Gowin\Gowin_V1.9.9Beta-4_Education\IDE\ipcore\GowinPicoRV32\Gowin_PicoRV32\dm.v":0)
Compiling module '**'("E:\Development\Gowin\Gowin_V1.9.9Beta-4_Education_win\Gowin\Gowin_V1.9.9Beta-4_Education\IDE\ipcore\GowinPicoRV32\Gowin_PicoRV32\dm.v":0)
Compiling module '**'("E:\Development\Gowin\Gowin_V1.9.9Beta-4_Education_win\Gowin\Gowin_V1.9.9Beta-4_Education\IDE\ipcore\GowinPicoRV32\Gowin_PicoRV32\dm.v":0)
Compiling module '**'("E:\Development\Gowin\Gowin_V1.9.9Beta-4_Education_win\Gowin\Gowin_V1.9.9Beta-4_Education\IDE\ipcore\GowinPicoRV32\Gowin_PicoRV32\dm.v":0)
Compiling module '**'("E:\Development\Gowin\Gowin_V1.9.9Beta-4_Education_win\Gowin\Gowin_V1.9.9Beta-4_Education\IDE\ipcore\GowinPicoRV32\Gowin_PicoRV32\dm.v":0)
Compiling module '**'("E:\Development\Gowin\Gowin_V1.9.9Beta-4_Education_win\Gowin\Gowin_V1.9.9Beta-4_Education\IDE\ipcore\GowinPicoRV32\Gowin_PicoRV32\dm.v":0)
WARN  (EX2629) : Delay control is not supported for synthesis("E:\Development\Gowin\Gowin_V1.9.9Beta-4_Education_win\Gowin\Gowin_V1.9.9Beta-4_Education\IDE\ipcore\GowinPicoRV32\Gowin_PicoRV32\dm.v":0)
Compiling module '**'("E:\Development\Gowin\Gowin_V1.9.9Beta-4_Education_win\Gowin\Gowin_V1.9.9Beta-4_Education\IDE\ipcore\GowinPicoRV32\Gowin_PicoRV32\dm.v":0)
WARN  (EX2629) : Delay control is not supported for synthesis("E:\Development\Gowin\Gowin_V1.9.9Beta-4_Education_win\Gowin\Gowin_V1.9.9Beta-4_Education\IDE\ipcore\GowinPicoRV32\Gowin_PicoRV32\dm.v":0)
Compiling module '**'("E:\Development\Gowin\Gowin_V1.9.9Beta-4_Education_win\Gowin\Gowin_V1.9.9Beta-4_Education\IDE\ipcore\GowinPicoRV32\Gowin_PicoRV32\dm.v":0)
WARN  (EX2629) : Delay control is not supported for synthesis("E:\Development\Gowin\Gowin_V1.9.9Beta-4_Education_win\Gowin\Gowin_V1.9.9Beta-4_Education\IDE\ipcore\GowinPicoRV32\Gowin_PicoRV32\dm.v":0)
Compiling module '**'("E:\Development\Gowin\Gowin_V1.9.9Beta-4_Education_win\Gowin\Gowin_V1.9.9Beta-4_Education\IDE\ipcore\GowinPicoRV32\Gowin_PicoRV32\dm.v":0)
Compiling module '**'("E:\Development\Gowin\Gowin_V1.9.9Beta-4_Education_win\Gowin\Gowin_V1.9.9Beta-4_Education\IDE\ipcore\GowinPicoRV32\Gowin_PicoRV32\dm.v":0)
Compiling module '**'("E:\Development\Gowin\Gowin_V1.9.9Beta-4_Education_win\Gowin\Gowin_V1.9.9Beta-4_Education\IDE\ipcore\GowinPicoRV32\Gowin_PicoRV32\dm.v":0)
WARN  (EX2629) : Delay control is not supported for synthesis("E:\Development\Gowin\Gowin_V1.9.9Beta-4_Education_win\Gowin\Gowin_V1.9.9Beta-4_Education\IDE\ipcore\GowinPicoRV32\Gowin_PicoRV32\dm.v":0)
Compiling module '**'("E:\Development\Gowin\Gowin_V1.9.9Beta-4_Education_win\Gowin\Gowin_V1.9.9Beta-4_Education\IDE\ipcore\GowinPicoRV32\Gowin_PicoRV32\dm.v":0)
Compiling module '**'("E:\Development\Gowin\Gowin_V1.9.9Beta-4_Education_win\Gowin\Gowin_V1.9.9Beta-4_Education\IDE\ipcore\GowinPicoRV32\Gowin_PicoRV32\dm.v":0)
WARN  (EX2629) : Delay control is not supported for synthesis("E:\Development\Gowin\Gowin_V1.9.9Beta-4_Education_win\Gowin\Gowin_V1.9.9Beta-4_Education\IDE\ipcore\GowinPicoRV32\Gowin_PicoRV32\dm.v":0)
Compiling module '**'("E:\Development\Gowin\Gowin_V1.9.9Beta-4_Education_win\Gowin\Gowin_V1.9.9Beta-4_Education\IDE\ipcore\GowinPicoRV32\Gowin_PicoRV32\dm.v":0)
Compiling module '**'("E:\Development\Gowin\Gowin_V1.9.9Beta-4_Education_win\Gowin\Gowin_V1.9.9Beta-4_Education\IDE\ipcore\GowinPicoRV32\Gowin_PicoRV32\dm.v":0)
Compiling module '**'("E:\Development\Gowin\Gowin_V1.9.9Beta-4_Education_win\Gowin\Gowin_V1.9.9Beta-4_Education\IDE\ipcore\GowinPicoRV32\Gowin_PicoRV32\dm.v":0)
WARN  (EX3791) : Expression size ** truncated to fit in target size **("E:\Development\Gowin\Gowin_V1.9.9Beta-4_Education_win\Gowin\Gowin_V1.9.9Beta-4_Education\IDE\ipcore\GowinPicoRV32\Gowin_PicoRV32\dm.v":0)
Compiling module '**'("E:\Development\Gowin\Gowin_V1.9.9Beta-4_Education_win\Gowin\Gowin_V1.9.9Beta-4_Education\IDE\ipcore\GowinPicoRV32\Gowin_PicoRV32\dm.v":0)
WARN  (EX3670) : Actual bit length ** differs from formal bit length ** for port '**'("E:\Development\Gowin\Gowin_V1.9.9Beta-4_Education_win\Gowin\Gowin_V1.9.9Beta-4_Education\IDE\ipcore\GowinPicoRV32\Gowin_PicoRV32\dm.v":0)
WARN  (EX3670) : Actual bit length 1 differs from formal bit length 4 for port 'mem_read'("E:\Development\Gowin\Gowin_V1.9.9Beta-4_Education_win\Gowin\Gowin_V1.9.9Beta-4_Education\IDE\ipcore\GowinPicoRV32\Gowin_PicoRV32\picosoc.v":484)
Compiling module '**'("E:\Development\Gowin\Gowin_V1.9.9Beta-4_Education_win\Gowin\Gowin_V1.9.9Beta-4_Education\IDE\ipcore\GowinPicoRV32\Gowin_PicoRV32\picosoc_itcm.v":0)
Extracting RAM for identifier '**'("E:\Development\Gowin\Gowin_V1.9.9Beta-4_Education_win\Gowin\Gowin_V1.9.9Beta-4_Education\IDE\ipcore\GowinPicoRV32\Gowin_PicoRV32\picosoc_itcm.v":0)
Compiling module '**'("E:\Development\Gowin\Gowin_V1.9.9Beta-4_Education_win\Gowin\Gowin_V1.9.9Beta-4_Education\IDE\ipcore\GowinPicoRV32\Gowin_PicoRV32\picosoc_dtcm.v":0)
Extracting RAM for identifier '**'("E:\Development\Gowin\Gowin_V1.9.9Beta-4_Education_win\Gowin\Gowin_V1.9.9Beta-4_Education\IDE\ipcore\GowinPicoRV32\Gowin_PicoRV32\picosoc_dtcm.v":0)
Compiling module '**'("E:\Development\Gowin\Gowin_V1.9.9Beta-4_Education_win\Gowin\Gowin_V1.9.9Beta-4_Education\IDE\ipcore\GowinPicoRV32\Gowin_PicoRV32\simpleuart.v":0)
WARN  (EX3791) : Expression size ** truncated to fit in target size **("E:\Development\Gowin\Gowin_V1.9.9Beta-4_Education_win\Gowin\Gowin_V1.9.9Beta-4_Education\IDE\ipcore\GowinPicoRV32\Gowin_PicoRV32\simpleuart.v":0)
Compiling module '**'("E:\Development\Gowin\Gowin_V1.9.9Beta-4_Education_win\Gowin\Gowin_V1.9.9Beta-4_Education\IDE\ipcore\GowinPicoRV32\Gowin_PicoRV32\wb_bus.v":0)
Compiling module '**'("E:\Development\Gowin\Gowin_V1.9.9Beta-4_Education_win\Gowin\Gowin_V1.9.9Beta-4_Education\IDE\ipcore\GowinPicoRV32\Gowin_PicoRV32\wb_brancher.v":0)
Compiling module '**'("E:\Development\Gowin\Gowin_V1.9.9Beta-4_Education_win\Gowin\Gowin_V1.9.9Beta-4_Education\IDE\ipcore\GowinPicoRV32\Gowin_PicoRV32\wbuart.v":0)
WARN  (EX3780) : Using initial value of '**' since it is never assigned("E:\Development\Gowin\Gowin_V1.9.9Beta-4_Education_win\Gowin\Gowin_V1.9.9Beta-4_Education\IDE\ipcore\GowinPicoRV32\Gowin_PicoRV32\wbuart.v":0)
Compiling module '**'("E:\Development\Gowin\Gowin_V1.9.9Beta-4_Education_win\Gowin\Gowin_V1.9.9Beta-4_Education\IDE\ipcore\GowinPicoRV32\Gowin_PicoRV32\wbuart.v":0)
WARN  (EX3791) : Expression size ** truncated to fit in target size **("E:\Development\Gowin\Gowin_V1.9.9Beta-4_Education_win\Gowin\Gowin_V1.9.9Beta-4_Education\IDE\ipcore\GowinPicoRV32\Gowin_PicoRV32\wbuart.v":0)
Compiling module '**'("E:\Development\Gowin\Gowin_V1.9.9Beta-4_Education_win\Gowin\Gowin_V1.9.9Beta-4_Education\IDE\ipcore\GowinPicoRV32\Gowin_PicoRV32\wbuart.v":0)
Compiling module '**'("E:\Development\Gowin\Gowin_V1.9.9Beta-4_Education_win\Gowin\Gowin_V1.9.9Beta-4_Education\IDE\ipcore\GowinPicoRV32\Gowin_PicoRV32\wbuart.v":0)
Compiling module '**'("E:\Development\Gowin\Gowin_V1.9.9Beta-4_Education_win\Gowin\Gowin_V1.9.9Beta-4_Education\IDE\ipcore\GowinPicoRV32\Gowin_PicoRV32\wbuart.v":0)
WARN  (EX3791) : Expression size ** truncated to fit in target size **("E:\Development\Gowin\Gowin_V1.9.9Beta-4_Education_win\Gowin\Gowin_V1.9.9Beta-4_Education\IDE\ipcore\GowinPicoRV32\Gowin_PicoRV32\wbuart.v":0)
Compiling module '**'("E:\Development\Gowin\Gowin_V1.9.9Beta-4_Education_win\Gowin\Gowin_V1.9.9Beta-4_Education\IDE\ipcore\GowinPicoRV32\Gowin_PicoRV32\wbgpio.v":0)
Compiling module '**'("E:\Development\Gowin\Gowin_V1.9.9Beta-4_Education_win\Gowin\Gowin_V1.9.9Beta-4_Education\IDE\ipcore\GowinPicoRV32\Gowin_PicoRV32\wbgpio.v":0)
WARN  (EX2629) : Delay control is not supported for synthesis("E:\Development\Gowin\Gowin_V1.9.9Beta-4_Education_win\Gowin\Gowin_V1.9.9Beta-4_Education\IDE\ipcore\GowinPicoRV32\Gowin_PicoRV32\wbgpio.v":0)
WARN  (EX3791) : Expression size ** truncated to fit in target size **("E:\Development\Gowin\Gowin_V1.9.9Beta-4_Education_win\Gowin\Gowin_V1.9.9Beta-4_Education\IDE\ipcore\GowinPicoRV32\Gowin_PicoRV32\wbgpio.v":0)
WARN  (EX1998) : Net '**' does not have a driver("E:\Development\Gowin\Gowin_V1.9.9Beta-4_Education_win\Gowin\Gowin_V1.9.9Beta-4_Education\IDE\ipcore\GowinPicoRV32\Gowin_PicoRV32\wbgpio.v":0)
Compiling module '**'("E:\Development\Gowin\Gowin_V1.9.9Beta-4_Education_win\Gowin\Gowin_V1.9.9Beta-4_Education\IDE\ipcore\GowinPicoRV32\Gowin_PicoRV32\wbspi.v":0)
WARN  (EX3791) : Expression size ** truncated to fit in target size **("E:\Development\Gowin\Gowin_V1.9.9Beta-4_Education_win\Gowin\Gowin_V1.9.9Beta-4_Education\IDE\ipcore\GowinPicoRV32\Gowin_PicoRV32\wbspi.v":0)
Compiling module '**'("E:\Development\Gowin\Gowin_V1.9.9Beta-4_Education_win\Gowin\Gowin_V1.9.9Beta-4_Education\IDE\ipcore\GowinPicoRV32\Gowin_PicoRV32\advspi.v":0)
Compiling module '**'("E:\Development\Gowin\Gowin_V1.9.9Beta-4_Education_win\Gowin\Gowin_V1.9.9Beta-4_Education\IDE\ipcore\GowinPicoRV32\Gowin_PicoRV32\advspi.v":0)
WARN  (EX3779) : '**' should be on the sensitivity list. Signal missing is added and assuming complete sensitivity list specified. RTL design and post-synthesis netlist simulations may differ as a result("E:\Development\Gowin\Gowin_V1.9.9Beta-4_Education_win\Gowin\Gowin_V1.9.9Beta-4_Education\IDE\ipcore\GowinPicoRV32\Gowin_PicoRV32\advspi.v":0)
Compiling module '**'("E:\Development\Gowin\Gowin_V1.9.9Beta-4_Education_win\Gowin\Gowin_V1.9.9Beta-4_Education\IDE\ipcore\GowinPicoRV32\Gowin_PicoRV32\advspi.v":0)
Compiling module '**'("E:\Development\Gowin\Gowin_V1.9.9Beta-4_Education_win\Gowin\Gowin_V1.9.9Beta-4_Education\IDE\ipcore\GowinPicoRV32\Gowin_PicoRV32\advspi.v":0)
Compiling module '**'("E:\Development\Gowin\Gowin_V1.9.9Beta-4_Education_win\Gowin\Gowin_V1.9.9Beta-4_Education\IDE\ipcore\GowinPicoRV32\Gowin_PicoRV32\advspi.v":0)
Compiling module '**'("E:\Development\Gowin\Gowin_V1.9.9Beta-4_Education_win\Gowin\Gowin_V1.9.9Beta-4_Education\IDE\ipcore\GowinPicoRV32\Gowin_PicoRV32\advspi.v":0)
Compiling module '**'("E:\Development\Gowin\Gowin_V1.9.9Beta-4_Education_win\Gowin\Gowin_V1.9.9Beta-4_Education\IDE\ipcore\GowinPicoRV32\Gowin_PicoRV32\advspi.v":0)
Compiling module '**'("E:\Development\Gowin\Gowin_V1.9.9Beta-4_Education_win\Gowin\Gowin_V1.9.9Beta-4_Education\IDE\ipcore\GowinPicoRV32\Gowin_PicoRV32\advspi.v":0)
Compiling module '**'("E:\Development\Gowin\Gowin_V1.9.9Beta-4_Education_win\Gowin\Gowin_V1.9.9Beta-4_Education\IDE\ipcore\GowinPicoRV32\Gowin_PicoRV32\advspi.v":0)
Compiling module '**'("E:\Development\Gowin\Gowin_V1.9.9Beta-4_Education_win\Gowin\Gowin_V1.9.9Beta-4_Education\IDE\ipcore\GowinPicoRV32\Gowin_PicoRV32\advspi.v":0)
Compiling module '**'("E:\Development\Gowin\Gowin_V1.9.9Beta-4_Education_win\Gowin\Gowin_V1.9.9Beta-4_Education\IDE\ipcore\GowinPicoRV32\Gowin_PicoRV32\advspi.v":0)
Extracting RAM for identifier '**'("E:\Development\Gowin\Gowin_V1.9.9Beta-4_Education_win\Gowin\Gowin_V1.9.9Beta-4_Education\IDE\ipcore\GowinPicoRV32\Gowin_PicoRV32\advspi.v":0)
Compiling module '**'("E:\Development\Gowin\Gowin_V1.9.9Beta-4_Education_win\Gowin\Gowin_V1.9.9Beta-4_Education\IDE\ipcore\GowinPicoRV32\Gowin_PicoRV32\advspi.v":0)
Compiling module '**'("E:\Development\Gowin\Gowin_V1.9.9Beta-4_Education_win\Gowin\Gowin_V1.9.9Beta-4_Education\IDE\ipcore\GowinPicoRV32\Gowin_PicoRV32\advspi.v":0)
Compiling module '**'("E:\Development\Gowin\Gowin_V1.9.9Beta-4_Education_win\Gowin\Gowin_V1.9.9Beta-4_Education\IDE\ipcore\GowinPicoRV32\Gowin_PicoRV32\advspi.v":0)
Compiling module '**'("E:\Development\Gowin\Gowin_V1.9.9Beta-4_Education_win\Gowin\Gowin_V1.9.9Beta-4_Education\IDE\ipcore\GowinPicoRV32\Gowin_PicoRV32\advspi.v":0)
Compiling module '**'("E:\Development\Gowin\Gowin_V1.9.9Beta-4_Education_win\Gowin\Gowin_V1.9.9Beta-4_Education\IDE\ipcore\GowinPicoRV32\Gowin_PicoRV32\advspi.v":0)
WARN  (EX3670) : Actual bit length 8 differs from formal bit length 32 for port 'regspi_wb_adr_i'("E:\Development\Gowin\Gowin_V1.9.9Beta-4_Education_win\Gowin\Gowin_V1.9.9Beta-4_Education\IDE\ipcore\GowinPicoRV32\Gowin_PicoRV32\picosoc.v":828)
NOTE  (EX0101) : Current top module is "Gowin_PicoRV32_Top"
WARN  (EX0211) : The output port "MISO_SLAVE" of module "wbspi(CLOCK_SEL=2,DATA_LENGTH=8,DELAY_TIME=1,CLKCNT_WIDTH=10,INTERVAL_LENGTH=1)" has no driver, assigning undriven bits to Z, simulation mismatch possible("E:\Development\Gowin\Gowin_V1.9.9Beta-4_Education_win\Gowin\Gowin_V1.9.9Beta-4_Education\IDE\ipcore\GowinPicoRV32\Gowin_PicoRV32\wbspi.v":0)
[5%] Running netlist conversion ...
Running device independent optimization ...
[10%] Optimizing Phase 0 completed
[15%] Optimizing Phase 1 completed
[25%] Optimizing Phase 2 completed
Running inference ...
[30%] Inferring Phase 0 completed
[40%] Inferring Phase 1 completed
[50%] Inferring Phase 2 completed
[55%] Inferring Phase 3 completed
Running technical mapping ...
[60%] Tech-Mapping Phase 0 completed
[65%] Tech-Mapping Phase 1 completed
[75%] Tech-Mapping Phase 2 completed
[80%] Tech-Mapping Phase 3 completed
[90%] Tech-Mapping Phase 4 completed
WARN  (NL0002) : The module "s_dffr" instantiated to "sync_gen[0].i_is_0.sync_dffr" is swept in optimizing("E:\Development\Gowin\Gowin_V1.9.9Beta-4_Education_win\Gowin\Gowin_V1.9.9Beta-4_Education\IDE\ipcore\GowinPicoRV32\Gowin_PicoRV32\dm.v":0)
WARN  (NL0002) : The module "s_debug_rom" instantiated to "u_s_debug_rom" is swept in optimizing("E:\Development\Gowin\Gowin_V1.9.9Beta-4_Education_win\Gowin\Gowin_V1.9.9Beta-4_Education\IDE\ipcore\GowinPicoRV32\Gowin_PicoRV32\dm.v":0)
WARN  (NL0002) : The module "advspi_inout_port" instantiated to "spi_clk_pad" is swept in optimizing("E:\Development\Gowin\Gowin_V1.9.9Beta-4_Education_win\Gowin\Gowin_V1.9.9Beta-4_Education\IDE\ipcore\GowinPicoRV32\Gowin_PicoRV32\advspi.v":0)
WARN  (NL0002) : The module "advspi_inout_port" instantiated to "spi_csn_pad" is swept in optimizing("E:\Development\Gowin\Gowin_V1.9.9Beta-4_Education_win\Gowin\Gowin_V1.9.9Beta-4_Education\IDE\ipcore\GowinPicoRV32\Gowin_PicoRV32\advspi.v":0)
WARN  (NL0002) : The module "advspi200_regif_ctrl" instantiated to "u_spi_regif_ctrl" is swept in optimizing("E:\Development\Gowin\Gowin_V1.9.9Beta-4_Education_win\Gowin\Gowin_V1.9.9Beta-4_Education\IDE\ipcore\GowinPicoRV32\Gowin_PicoRV32\advspi.v":0)
[95%] Generate netlist file "D:\Program_Station\Embedded_Program\GOWIN_FPGA\dds_project\riscv_project\src\gowin_picorv32\temp\gowin_picorv32\gowin_picorv32.vg" completed
Generate template file "D:\Program_Station\Embedded_Program\GOWIN_FPGA\dds_project\riscv_project\src\gowin_picorv32\temp\gowin_picorv32\gowin_picorv32_tmp.v" completed
[100%] Generate report file "D:\Program_Station\Embedded_Program\GOWIN_FPGA\dds_project\riscv_project\src\gowin_picorv32\temp\gowin_picorv32\gowin_picorv32_syn.rpt.html" completed
GowinSynthesis finish
